<?xml version="1.0" encoding="UTF-8"?>
<!-- Generated by org.testng.reporters.JUnitXMLReporter -->
<testsuite hostname="Lakshmis-MacBook-Pro.local" ignored="2" name="Test" tests="2" failures="2" timestamp="2023-06-12T08:49:36 MST" time="11.888" errors="0">
  <testcase name="TC_3_Home_page" time="4.038" classname="com.automation.tests.automationScripts">
    <failure type="java.lang.NullPointerException">
      <![CDATA[java.lang.NullPointerException
at java.util.Objects.requireNonNull(Objects.java:203)
at org.openqa.selenium.support.ui.FluentWait.<init>(FluentWait.java:106)
at org.openqa.selenium.support.ui.WebDriverWait.<init>(WebDriverWait.java:85)
at org.openqa.selenium.support.ui.WebDriverWait.<init>(WebDriverWait.java:45)
at com.automation.pages.base.BasePage.WaitUntilElementVisible(BasePage.java:112)
at com.automation.pages.base.BasePage.clickOnElement(BasePage.java:95)
at com.automation.pages.home.HomePage.clickOnUserMenu(HomePage.java:25)
at com.automation.tests.automationScripts.TC_3_Home_page(automationScripts.java:105)
at java.util.ArrayList.forEach(ArrayList.java:1259)
... Removed 27 stack frames]]>
    </failure>
  </testcase> <!-- TC_3_Home_page -->
  <testcase name="TC_3_rememberMe_checkbox" time="0.427" classname="com.automation.tests.automationScripts">
    <failure type="java.lang.NullPointerException">
      <![CDATA[java.lang.NullPointerException
at java.util.Objects.requireNonNull(Objects.java:203)
at org.openqa.selenium.support.ui.FluentWait.<init>(FluentWait.java:106)
at org.openqa.selenium.support.ui.WebDriverWait.<init>(WebDriverWait.java:85)
at org.openqa.selenium.support.ui.WebDriverWait.<init>(WebDriverWait.java:45)
at com.automation.pages.base.BasePage.WaitUntilElementVisible(BasePage.java:112)
at com.automation.pages.base.BasePage.clickOnElement(BasePage.java:95)
at com.automation.pages.login.LoginPage.rememberMeCheckbox(LoginPage.java:66)
at com.automation.tests.automationScripts.TC_3_rememberMe_checkbox(automationScripts.java:94)
at java.util.ArrayList.forEach(ArrayList.java:1259)
... Removed 27 stack frames]]>
    </failure>
  </testcase> <!-- TC_3_rememberMe_checkbox -->
  <testcase name="TC_1_salesforce_testscript_1" time="0.0" classname="com.automation.tests.automationScripts">
    <ignored/>
  </testcase> <!-- TC_1_salesforce_testscript_1 -->
  <testcase name="TC_2_login_to_salesforce_testscript" time="0.0" classname="com.automation.tests.automationScripts">
    <ignored/>
  </testcase> <!-- TC_2_login_to_salesforce_testscript -->
</testsuite> <!-- Test -->
